[2021-02-02 20:29:41.269] [sharedprocess] [info] main {"machineId":"2c646c032c82d46ba06c8197de2bbb433f841eaa5d59967d72b9b178c1d89ae8","windowId":2}
[2021-02-02 20:29:41.319] [sharedprocess] [error] [File Watcher (node.js)] Error: ENOENT: no such file or directory, stat '/home/jorge/Projetos/Prime/~/.vscode-root/User/snippets'
[2021-02-02 20:30:15.630] [sharedprocess] [info] Installing extension: ms-dotnettools.csharp
[2021-02-02 20:30:16.746] [sharedprocess] [info] Downloaded extension: ms-dotnettools.csharp undefined
[2021-02-02 20:30:16.840] [sharedprocess] [info] Extracted extension to /root/.vscode/extensions/.ms-dotnettools.csharp-1.23.8: ms-dotnettools.csharp
[2021-02-02 20:30:16.840] [sharedprocess] [info] Renamed to /root/.vscode/extensions/ms-dotnettools.csharp-1.23.8
[2021-02-02 20:30:16.844] [sharedprocess] [info] Installation completed. ms-dotnettools.csharp
[2021-02-02 20:30:16.886] [sharedprocess] [info] Extensions installed successfully: ms-dotnettools.csharp
[2021-02-02 20:30:17.683] [sharedprocess] [info] Installing extension: jchannon.csharpextensions
[2021-02-02 20:30:18.660] [sharedprocess] [info] Downloaded extension: jchannon.csharpextensions undefined
[2021-02-02 20:30:18.820] [sharedprocess] [info] Extracted extension to /root/.vscode/extensions/.jchannon.csharpextensions-1.3.1: jchannon.csharpextensions
[2021-02-02 20:30:18.820] [sharedprocess] [info] Renamed to /root/.vscode/extensions/jchannon.csharpextensions-1.3.1
[2021-02-02 20:30:18.821] [sharedprocess] [info] Installation completed. jchannon.csharpextensions
[2021-02-02 20:30:18.859] [sharedprocess] [info] Extensions installed successfully: jchannon.csharpextensions
[2021-02-02 20:30:21.282] [sharedprocess] [info] Starting to clean up unused language packs.
[2021-02-02 20:30:25.115] [sharedprocess] [info] Installing extension: fudge.auto-using
[2021-02-02 20:30:25.759] [sharedprocess] [info] Downloaded extension: fudge.auto-using undefined
[2021-02-02 20:30:25.823] [sharedprocess] [info] Extracted extension to /root/.vscode/extensions/.fudge.auto-using-0.7.15: fudge.auto-using
[2021-02-02 20:30:25.823] [sharedprocess] [info] Renamed to /root/.vscode/extensions/fudge.auto-using-0.7.15
[2021-02-02 20:30:25.824] [sharedprocess] [info] Installation completed. fudge.auto-using
[2021-02-02 20:30:25.891] [sharedprocess] [info] Extensions installed successfully: fudge.auto-using
[2021-02-02 20:30:42.365] [sharedprocess] [info] Installing extension: vscode-icons-team.vscode-icons
[2021-02-02 20:30:43.359] [sharedprocess] [info] Downloaded extension: vscode-icons-team.vscode-icons undefined
[2021-02-02 20:30:44.094] [sharedprocess] [info] Extracted extension to /root/.vscode/extensions/.vscode-icons-team.vscode-icons-11.1.0: vscode-icons-team.vscode-icons
[2021-02-02 20:30:44.094] [sharedprocess] [info] Renamed to /root/.vscode/extensions/vscode-icons-team.vscode-icons-11.1.0
[2021-02-02 20:30:44.095] [sharedprocess] [info] Installation completed. vscode-icons-team.vscode-icons
[2021-02-02 20:30:44.146] [sharedprocess] [info] Extensions installed successfully: vscode-icons-team.vscode-icons
[2021-02-02 20:43:23.833] [sharedprocess] [info] Installing extension: k--kato.docomment
[2021-02-02 20:43:25.012] [sharedprocess] [info] Downloaded extension: k--kato.docomment undefined
[2021-02-02 20:43:25.082] [sharedprocess] [info] Extracted extension to /root/.vscode/extensions/.k--kato.docomment-0.1.20: k--kato.docomment
[2021-02-02 20:43:25.083] [sharedprocess] [info] Renamed to /root/.vscode/extensions/k--kato.docomment-0.1.20
[2021-02-02 20:43:25.084] [sharedprocess] [info] Installation completed. k--kato.docomment
[2021-02-02 20:43:25.112] [sharedprocess] [info] Extensions installed successfully: k--kato.docomment
[2021-02-02 20:43:41.273] [sharedprocess] [info] Installing extension: jorgeserrano.vscode-csharp-snippets
[2021-02-02 20:43:47.107] [sharedprocess] [info] Downloaded extension: jorgeserrano.vscode-csharp-snippets undefined
[2021-02-02 20:43:47.465] [sharedprocess] [info] Extracted extension to /root/.vscode/extensions/.jorgeserrano.vscode-csharp-snippets-1.1.0: jorgeserrano.vscode-csharp-snippets
[2021-02-02 20:43:47.466] [sharedprocess] [info] Renamed to /root/.vscode/extensions/jorgeserrano.vscode-csharp-snippets-1.1.0
[2021-02-02 20:43:47.466] [sharedprocess] [info] Installation completed. jorgeserrano.vscode-csharp-snippets
[2021-02-02 20:43:47.496] [sharedprocess] [info] Extensions installed successfully: jorgeserrano.vscode-csharp-snippets
[2021-02-02 20:44:08.097] [sharedprocess] [info] Installing extension: kreativ-software.csharpextensions
[2021-02-02 20:44:09.702] [sharedprocess] [info] Downloaded extension: kreativ-software.csharpextensions undefined
[2021-02-02 20:44:09.826] [sharedprocess] [info] Extracted extension to /root/.vscode/extensions/.kreativ-software.csharpextensions-1.3.6: kreativ-software.csharpextensions
[2021-02-02 20:44:09.826] [sharedprocess] [info] Renamed to /root/.vscode/extensions/kreativ-software.csharpextensions-1.3.6
[2021-02-02 20:44:09.826] [sharedprocess] [info] Installation completed. kreativ-software.csharpextensions
[2021-02-02 20:44:09.853] [sharedprocess] [info] Extensions installed successfully: kreativ-software.csharpextensions
