[2021-02-03 21:39:32.907] [exthost] [info] extension host started
[2021-02-03 21:39:32.953] [exthost] [info] ExtensionService#_doActivateExtension vscode.microsoft-authentication {"startup":false,"extensionId":{"value":"vscode.microsoft-authentication","_lower":"vscode.microsoft-authentication"},"activationEvent":"onAuthenticationRequest:microsoft"}
[2021-02-03 21:39:32.953] [exthost] [info] ExtensionService#loadCommonJSModule file:///snap/code/52/usr/share/code/resources/app/extensions/microsoft-authentication/dist/extension.js
[2021-02-03 21:39:32.971] [exthost] [info] ExtensionService#_doActivateExtension ms-dotnettools.csharp {"startup":false,"extensionId":{"value":"ms-dotnettools.csharp","_lower":"ms-dotnettools.csharp"},"activationEvent":"onLanguage:csharp"}
[2021-02-03 21:39:32.971] [exthost] [info] ExtensionService#loadCommonJSModule file:///root/.vscode/extensions/ms-dotnettools.csharp-1.23.9/dist/extension
[2021-02-03 21:39:33.028] [exthost] [info] ExtensionService#_doActivateExtension jchannon.csharpextensions {"startup":false,"extensionId":{"value":"jchannon.csharpextensions","_lower":"jchannon.csharpextensions"},"activationEvent":"onLanguage:csharp"}
[2021-02-03 21:39:33.028] [exthost] [info] ExtensionService#loadCommonJSModule file:///root/.vscode/extensions/jchannon.csharpextensions-1.3.1/out/src/extension
[2021-02-03 21:39:33.819] [exthost] [info] ExtensionService#_doActivateExtension k--kato.docomment {"startup":false,"extensionId":{"value":"k--kato.docomment","_lower":"k--kato.docomment"},"activationEvent":"onLanguage:csharp"}
[2021-02-03 21:39:33.819] [exthost] [info] ExtensionService#loadCommonJSModule file:///root/.vscode/extensions/k--kato.docomment-0.1.20/out/src/extension
[2021-02-03 21:39:34.142] [exthost] [info] ExtensionService#_doActivateExtension kreativ-software.csharpextensions {"startup":false,"extensionId":{"value":"kreativ-software.csharpextensions","_lower":"kreativ-software.csharpextensions"},"activationEvent":"onLanguage:csharp"}
[2021-02-03 21:39:34.142] [exthost] [info] ExtensionService#loadCommonJSModule file:///root/.vscode/extensions/kreativ-software.csharpextensions-1.3.6/out/src/extension
[2021-02-03 21:39:34.668] [exthost] [info] ExtensionService#_doActivateExtension vscode.debug-auto-launch {"startup":true,"extensionId":{"value":"vscode.debug-auto-launch","_lower":"vscode.debug-auto-launch"},"activationEvent":"*"}
[2021-02-03 21:39:34.668] [exthost] [info] ExtensionService#loadCommonJSModule file:///snap/code/52/usr/share/code/resources/app/extensions/debug-auto-launch/dist/extension
[2021-02-03 21:39:34.670] [exthost] [info] ExtensionService#_doActivateExtension vscode.emmet {"startup":true,"extensionId":{"value":"vscode.emmet","_lower":"vscode.emmet"},"activationEvent":"*"}
[2021-02-03 21:39:34.670] [exthost] [info] ExtensionService#loadCommonJSModule file:///snap/code/52/usr/share/code/resources/app/extensions/emmet/dist/node/emmetNodeMain
[2021-02-03 21:39:34.699] [exthost] [info] ExtensionService#_doActivateExtension vscode.git {"startup":true,"extensionId":{"value":"vscode.github","_lower":"vscode.github"},"activationEvent":"*"}
[2021-02-03 21:39:34.699] [exthost] [info] ExtensionService#loadCommonJSModule file:///snap/code/52/usr/share/code/resources/app/extensions/git/dist/main
[2021-02-03 21:39:34.737] [exthost] [info] ExtensionService#_doActivateExtension vscode.merge-conflict {"startup":true,"extensionId":{"value":"vscode.merge-conflict","_lower":"vscode.merge-conflict"},"activationEvent":"*"}
[2021-02-03 21:39:34.737] [exthost] [info] ExtensionService#loadCommonJSModule file:///snap/code/52/usr/share/code/resources/app/extensions/merge-conflict/dist/mergeConflictMain
[2021-02-03 21:39:34.741] [exthost] [info] ExtensionService#_doActivateExtension vscode.search-result {"startup":true,"extensionId":{"value":"vscode.search-result","_lower":"vscode.search-result"},"activationEvent":"*"}
[2021-02-03 21:39:34.741] [exthost] [info] ExtensionService#loadCommonJSModule file:///snap/code/52/usr/share/code/resources/app/extensions/search-result/dist/extension.js
[2021-02-03 21:39:34.743] [exthost] [info] ExtensionService#_doActivateExtension vscode-icons-team.vscode-icons {"startup":true,"extensionId":{"value":"vscode-icons-team.vscode-icons","_lower":"vscode-icons-team.vscode-icons"},"activationEvent":"*"}
[2021-02-03 21:39:34.743] [exthost] [info] ExtensionService#loadCommonJSModule file:///root/.vscode/extensions/vscode-icons-team.vscode-icons-11.1.0/dist/src/vscode-icons.bundle.js
[2021-02-03 21:39:34.808] [exthost] [error] Activating extension kreativ-software.csharpextensions failed due to an error:
[2021-02-03 21:39:34.809] [exthost] [error] Error: command 'csharpextensions.createClass' already exists
    at _.registerCommand (/snap/code/52/usr/share/code/resources/app/out/vs/workbench/services/extensions/node/extensionHostProcess.js:699:970)
    at Object.registerCommand (/snap/code/52/usr/share/code/resources/app/out/vs/workbench/services/extensions/node/extensionHostProcess.js:1020:634)
    at activate (/root/.vscode/extensions/kreativ-software.csharpextensions-1.3.6/out/src/extension.js:21:48)
    at Function._callActivateOptional (/snap/code/52/usr/share/code/resources/app/out/vs/workbench/services/extensions/node/extensionHostProcess.js:960:773)
    at Function._callActivate (/snap/code/52/usr/share/code/resources/app/out/vs/workbench/services/extensions/node/extensionHostProcess.js:960:424)
    at /snap/code/52/usr/share/code/resources/app/out/vs/workbench/services/extensions/node/extensionHostProcess.js:958:841
    at processTicksAndRejections (internal/process/task_queues.js:94:5)
    at Function.all (<anonymous>:null:null)

[2021-02-03 21:39:34.872] [exthost] [info] ExtensionService#_doActivateExtension ms-vscode.js-debug {"startup":false,"extensionId":{"value":"ms-vscode.js-debug","_lower":"ms-vscode.js-debug"},"activationEvent":"onCommand:extension.js-debug.clearAutoAttachVariables"}
[2021-02-03 21:39:34.872] [exthost] [info] ExtensionService#loadCommonJSModule file:///snap/code/52/usr/share/code/resources/app/extensions/ms-vscode.js-debug/src/extension.js
[2021-02-03 21:39:34.930] [exthost] [info] ExtensionService#_doActivateExtension vscode.github {"startup":false,"extensionId":{"value":"vscode.github","_lower":"vscode.github"},"activationEvent":"*"}
[2021-02-03 21:39:34.930] [exthost] [info] ExtensionService#loadCommonJSModule file:///snap/code/52/usr/share/code/resources/app/extensions/github/dist/extension.js
[2021-02-03 21:39:35.088] [exthost] [info] ExtensionService#_doActivateExtension vscode.github-authentication {"startup":false,"extensionId":{"value":"vscode.github-authentication","_lower":"vscode.github-authentication"},"activationEvent":"onAuthenticationRequest:github"}
[2021-02-03 21:39:35.088] [exthost] [info] ExtensionService#loadCommonJSModule file:///snap/code/52/usr/share/code/resources/app/extensions/github-authentication/dist/extension.js
[2021-02-03 21:39:54.536] [exthost] [info] eager extensions activated
[2021-02-03 21:39:54.540] [exthost] [info] ExtensionService#_doActivateExtension Fudge.auto-using {"startup":false,"extensionId":{"value":"Fudge.auto-using","_lower":"fudge.auto-using"},"activationEvent":"onLanguage:csharp"}
[2021-02-03 21:39:54.540] [exthost] [info] ExtensionService#loadCommonJSModule file:///root/.vscode/extensions/fudge.auto-using-0.7.15/out/extension.js
[2021-02-03 21:39:59.850] [exthost] [error] [jchannon.csharpextensions] provider FAILED
[2021-02-03 21:39:59.851] [exthost] [error] Error: Illegal value for `line`
    at d._lineAt (/snap/code/52/usr/share/code/resources/app/out/vs/workbench/services/extensions/node/extensionHostProcess.js:571:740)
    at Object.lineAt (/snap/code/52/usr/share/code/resources/app/out/vs/workbench/services/extensions/node/extensionHostProcess.js:570:715)
    at CodeActionProvider.findClassFromLine (/root/.vscode/extensions/jchannon.csharpextensions-1.3.1/out/src/codeActionProvider.js:122:33)
    at CodeActionProvider.getCtorpCommand (/root/.vscode/extensions/jchannon.csharpextensions-1.3.1/out/src/codeActionProvider.js:77:32)
    at CodeActionProvider.provideCodeActions (/root/.vscode/extensions/jchannon.csharpextensions-1.3.1/out/src/codeActionProvider.js:22:33)
    at /snap/code/52/usr/share/code/resources/app/out/vs/workbench/services/extensions/node/extensionHostProcess.js:755:728
    at /snap/code/52/usr/share/code/resources/app/out/vs/workbench/services/extensions/node/extensionHostProcess.js:52:1010
    at new Promise (<anonymous>:null:null)
    at Object.t.asPromise (/snap/code/52/usr/share/code/resources/app/out/vs/workbench/services/extensions/node/extensionHostProcess.js:52:982)
    at P.provideCodeActions (/snap/code/52/usr/share/code/resources/app/out/vs/workbench/services/extensions/node/extensionHostProcess.js:755:699)
    at /snap/code/52/usr/share/code/resources/app/out/vs/workbench/services/extensions/node/extensionHostProcess.js:777:414
    at q._withAdapter (/snap/code/52/usr/share/code/resources/app/out/vs/workbench/services/extensions/node/extensionHostProcess.js:772:10)
    at q.$provideCodeActions (/snap/code/52/usr/share/code/resources/app/out/vs/workbench/services/extensions/node/extensionHostProcess.js:777:392)
    at m._doInvokeHandler (/snap/code/52/usr/share/code/resources/app/out/vs/workbench/services/extensions/node/extensionHostProcess.js:892:926)
    at m._invokeHandler (/snap/code/52/usr/share/code/resources/app/out/vs/workbench/services/extensions/node/extensionHostProcess.js:892:618)
    at m._receiveRequest (/snap/code/52/usr/share/code/resources/app/out/vs/workbench/services/extensions/node/extensionHostProcess.js:891:201)
    at m._receiveOneMessage (/snap/code/52/usr/share/code/resources/app/out/vs/workbench/services/extensions/node/extensionHostProcess.js:890:6)
    at /snap/code/52/usr/share/code/resources/app/out/vs/workbench/services/extensions/node/extensionHostProcess.js:888:136
    at l.fire (/snap/code/52/usr/share/code/resources/app/out/vs/workbench/services/extensions/node/extensionHostProcess.js:46:801)
    at v.fire (/snap/code/52/usr/share/code/resources/app/out/vs/workbench/services/extensions/node/extensionHostProcess.js:233:787)
    at /snap/code/52/usr/share/code/resources/app/out/vs/workbench/services/extensions/node/extensionHostProcess.js:1094:104
    at l.fire (/snap/code/52/usr/share/code/resources/app/out/vs/workbench/services/extensions/node/extensionHostProcess.js:46:801)
    at v.fire (/snap/code/52/usr/share/code/resources/app/out/vs/workbench/services/extensions/node/extensionHostProcess.js:233:787)
    at t.PersistentProtocol._receiveMessage (/snap/code/52/usr/share/code/resources/app/out/vs/workbench/services/extensions/node/extensionHostProcess.js:238:1004)
    at /snap/code/52/usr/share/code/resources/app/out/vs/workbench/services/extensions/node/extensionHostProcess.js:235:927
    at l.fire (/snap/code/52/usr/share/code/resources/app/out/vs/workbench/services/extensions/node/extensionHostProcess.js:46:801)
    at p.acceptChunk (/snap/code/52/usr/share/code/resources/app/out/vs/workbench/services/extensions/node/extensionHostProcess.js:231:195)
    at /snap/code/52/usr/share/code/resources/app/out/vs/workbench/services/extensions/node/extensionHostProcess.js:230:547
    at Socket.t (/snap/code/52/usr/share/code/resources/app/out/vs/workbench/services/extensions/node/extensionHostProcess.js:240:822)
    at Socket.emit (events.js:223:5)
    at addChunk (_stream_readable.js:309:12)
    at readableAddChunk (_stream_readable.js:290:11)
    at Socket.Readable.push (_stream_readable.js:224:10)
    at Pipe.onStreamRead (internal/stream_base_commons.js:181:23)

[2021-02-03 21:40:04.718] [exthost] [error] [ms-dotnettools.csharp] provider FAILED
[2021-02-03 21:40:04.718] [exthost] [error] Problem invoking 'GetCodeActions' on OmniSharp server: Error: Request /v2/getcodeactions cancelled, id: undefined
